<?xml version="1.0" encoding="UTF-8"?>
<!-- Generated by org.testng.reporters.JUnitReportReporter -->
<testsuite hostname="DESKTOP-C5RJD4I" failures="0" tests="1" name="hms.emc.doctor.DoctorAddingMedicalHistoryTest" time="31.621" errors="0" timestamp="2023-03-02T10:29:44 IST" skipped="0">
  <testcase classname="hms.emc.doctor.DoctorAddingMedicalHistoryTest" name="doctorAddingMedicalHistoryTest" time="31.621"/>
  <system-out/>
</testsuite> <!-- hms.emc.doctor.DoctorAddingMedicalHistoryTest -->
