<?xml version="1.0" encoding="UTF-8"?>
<!-- Generated by org.testng.reporters.JUnitReportReporter -->
<testsuite hostname="DESKTOP-C5RJD4I" failures="0" tests="1" name="hms.emc.practice.Practice1" time="11.892" errors="0" timestamp="2023-03-01T22:43:05 IST" skipped="0">
  <testcase classname="hms.emc.practice.Practice1" name="facebook" time="11.892"/>
  <system-out/>
</testsuite> <!-- hms.emc.practice.Practice1 -->
