<?xml version="1.0" encoding="UTF-8"?>
<!-- Generated by org.testng.reporters.JUnitReportReporter -->
<testsuite hostname="DESKTOP-C5RJD4I" failures="0" tests="3" name="hms.emc.practiceTestCases.TestNG" time="0.023" errors="0" timestamp="2023-02-23T10:10:43 IST" skipped="0">
  <testcase classname="hms.emc.practiceTestCases.TestNG" name="test2" time="0.005"/>
  <system-out/>
  <testcase classname="hms.emc.practiceTestCases.TestNG" name="test3" time="0.010"/>
  <system-out/>
  <testcase classname="hms.emc.practiceTestCases.TestNG" name="test1" time="0.008"/>
  <system-out/>
</testsuite> <!-- hms.emc.practiceTestCases.TestNG -->
