<?xml version="1.0" encoding="UTF-8"?>
<!-- Generated by org.testng.reporters.JUnitReportReporter -->
<testsuite hostname="DESKTOP-C5RJD4I" failures="0" tests="1" name="hms.emc.doctor.AddingDoctorUserBookingAppointmentDeleteDoctorLoginAsDoctorTest" time="30.362" errors="0" timestamp="2023-03-02T10:29:44 IST" skipped="0">
  <testcase classname="hms.emc.doctor.AddingDoctorUserBookingAppointmentDeleteDoctorLoginAsDoctorTest" name="addingDoctorUserBookingAppointmentDeleteDoctorLoginAsDoctorTest" time="30.362"/>
  <system-out/>
</testsuite> <!-- hms.emc.doctor.AddingDoctorUserBookingAppointmentDeleteDoctorLoginAsDoctorTest -->
