<?xml version="1.0" encoding="UTF-8"?>
<!-- Generated by org.testng.reporters.JUnitReportReporter -->
<testsuite hostname="DESKTOP-C5RJD4I" failures="0" tests="1" name="hms.emc.admin.AddingDoctorSpecialisationDoctorEDitDoctorDeleteDoctorTest" time="27.979" errors="0" timestamp="2023-03-02T10:29:44 IST" skipped="0">
  <testcase classname="hms.emc.admin.AddingDoctorSpecialisationDoctorEDitDoctorDeleteDoctorTest" name="addingDoctorSpecialisationDoctorEDitDoctorDeleteDoctorTest" time="27.979"/>
  <system-out/>
</testsuite> <!-- hms.emc.admin.AddingDoctorSpecialisationDoctorEDitDoctorDeleteDoctorTest -->
